<?xml version="1.0" encoding="UTF-8"?>
<!-- Generated by org.testng.reporters.JUnitXMLReporter -->
<testsuite hostname="Shukan" name="Test" tests="3" failures="1" timestamp="19 Nov 2019 06:57:58 GMT" time="71.768" errors="0">
  <testcase name="Title" time="18.43" classname="Info.Analyticaa.Titlepage">
    <failure type="java.lang.AssertionError" message="expected [Fill out this form and we’ll get back to you soon] but found [Fill out this form and we’ll get back to you soon.]">
      <![CDATA[java.lang.AssertionError: expected [Fill out this form and we’ll get back to you soon] but found [Fill out this form and we’ll get back to you soon.]
	at Info.Analyticaa.Titlepage.Title(Titlepage.java:21)
... Removed 29 stack frames]]>
    </failure>
  </testcase> <!-- Title -->
  <testcase name="Login" time="37.254" classname="Info.Analyticaa.Landingpage"/>
  <testcase name="Login" time="16.057" classname="Info.Analyticaa.Landingpage"/>
</testsuite> <!-- Test -->
