<?xml version="1.0" encoding="UTF-8"?>
<!-- Generated by org.testng.reporters.JUnitXMLReporter -->
<testsuite hostname="Shukan" name="Titlepagebar" tests="1" failures="1" timestamp="19 Nov 2019 07:27:22 GMT" time="12.833" errors="0">
  <testcase name="Title" time="3.207" classname="Info.Analyticaa.Titlepage">
    <failure type="java.lang.AssertionError" message="expected [Fill out this form and we’ll get back to you soon] but found [Fill out this form and we’ll get back to you soon.]">
      <![CDATA[java.lang.AssertionError: expected [Fill out this form and we’ll get back to you soon] but found [Fill out this form and we’ll get back to you soon.]
	at Info.Analyticaa.Titlepage.Title(Titlepage.java:30)
... Removed 29 stack frames]]>
    </failure>
  </testcase> <!-- Title -->
</testsuite> <!-- Titlepagebar -->
